<?xml version="1.0" encoding="UTF-8"?>
<!-- Generated by org.testng.reporters.JUnitReportReporter -->
<testsuite skipped="0" hostname="DL32XF2" name="runner.RunCuke1" tests="2" failures="0" timestamp="27 Jan 2022 07:20:11 GMT" time="377.215" errors="0">
  <testcase name="runScenario" time="209.545" classname="runner.RunCuke1"/>
  <testcase name="runScenario" time="167.670" classname="runner.RunCuke1"/>
</testsuite> <!-- runner.RunCuke1 -->
